[2021-10-24 11:03:01,014][    INFO][__main__] Open: https://www.recreation.gov/camping/campgrounds/232447
[2021-10-24 11:03:07,655][    INFO][__main__] Close popup.
[2021-10-24 11:05:59,866][    INFO][__main__] Open: https://www.recreation.gov/camping/campgrounds/232447
[2021-10-24 11:06:06,196][    INFO][__main__] Close popup.
[2021-10-24 11:06:07,761][   ERROR][__main__] 'str' object is not callable
Traceback (most recent call last):
  File "/Users/ichiken/VSCode/python_envs/standard/Recreation_gov/get_site_availabitlity.py", line 53, in get_reservation
    text = elm.text()
TypeError: 'str' object is not callable
[2021-10-24 11:07:08,697][    INFO][__main__] Open: https://www.recreation.gov/camping/campgrounds/232447
[2021-10-24 11:07:14,158][    INFO][__main__] Close popup.
[2021-10-24 11:11:56,916][    INFO][__main__] Open: https://www.recreation.gov/camping/campgrounds/232447
[2021-10-24 11:12:05,532][    INFO][__main__] Close popup.
[2021-10-24 11:32:30,527][    INFO][__main__] Open: https://www.recreation.gov/camping/campgrounds/232447
[2021-10-24 11:32:36,917][    INFO][__main__] Close popup.
[2021-10-24 11:40:27,389][    INFO][__main__] Open: https://www.recreation.gov/camping/campgrounds/232447
[2021-10-24 11:40:33,103][    INFO][__main__] Close popup.
[2021-10-24 11:47:46,685][    INFO][__main__] Open: https://www.recreation.gov/camping/campgrounds/232447
[2021-10-24 11:47:53,064][    INFO][__main__] Close popup.
[2021-10-24 11:49:39,513][    INFO][__main__] Open: https://www.recreation.gov/camping/campgrounds/232447
[2021-10-24 11:49:46,046][    INFO][__main__] Close popup.
[2021-10-24 11:51:05,826][    INFO][__main__] Open: https://www.recreation.gov/camping/campgrounds/232447
[2021-10-24 11:51:10,916][    INFO][__main__] Close popup.
[2021-10-24 11:53:21,656][    INFO][__main__] Open: https://www.recreation.gov/camping/campgrounds/232447
[2021-10-24 11:53:28,075][    INFO][__main__] Close popup.
[2021-10-24 11:59:41,438][    INFO][__main__] Open: https://www.recreation.gov/camping/campgrounds/232447
[2021-10-24 11:59:48,217][    INFO][__main__] Close popup.
[2021-10-24 12:04:49,779][    INFO][__main__] Open: https://www.recreation.gov/camping/campgrounds/232447
[2021-10-24 12:04:55,739][    INFO][__main__] Close popup.
[2021-10-24 12:06:21,949][    INFO][__main__] Open: https://www.recreation.gov/camping/campgrounds/232447
[2021-10-24 12:06:27,909][    INFO][__main__] Close popup.
[2021-10-24 12:14:14,811][    INFO][__main__] Open: https://www.recreation.gov/camping/campgrounds/232447
[2021-10-24 12:14:20,314][    INFO][__main__] Close popup.
[2021-10-24 12:46:06,557][    INFO][__main__] Open: https://www.recreation.gov/camping/campgrounds/232447
[2021-10-24 13:02:42,764][    INFO][__main__] Open: https://www.recreation.gov/camping/campgrounds/232447
[2021-10-24 13:04:37,547][    INFO][__main__] Open: https://www.recreation.gov/camping/campgrounds/232447
[2021-10-24 13:13:19,918][    INFO][__main__] Open: https://www.recreation.gov/camping/campgrounds/232447
[2021-10-24 17:21:43,027][    INFO][__main__] Open: https://www.recreation.gov/camping/campgrounds/232447
[2021-10-24 17:23:19,479][    INFO][__main__] Open: https://www.recreation.gov/camping/campgrounds/232447
[2021-10-24 17:28:25,376][    INFO][__main__] Open: https://www.recreation.gov/camping/campgrounds/232447
[2021-10-24 17:29:43,211][    INFO][__main__] Open: https://www.recreation.gov/camping/campgrounds/232447
[2021-10-24 17:32:17,141][    INFO][__main__] Open: https://www.recreation.gov/camping/campgrounds/232447
[2021-10-24 17:58:04,872][    INFO][__main__] Open: https://www.recreation.gov/camping/campgrounds/232447
[2021-10-24 18:01:23,265][    INFO][__main__] Open: https://www.recreation.gov/camping/campgrounds/232447
[2021-10-24 18:11:43,509][    INFO][__main__] Open: https://www.recreation.gov/camping/campgrounds/232447
[2021-10-24 18:15:53,272][    INFO][__main__] Open: https://www.recreation.gov/camping/campgrounds/232447
[2021-10-24 20:41:57,555][    INFO][__main__] Open: https://www.recreation.gov/camping/campgrounds/232447
[2021-10-24 20:46:34,668][    INFO][__main__] Open: https://www.recreation.gov/camping/campgrounds/232447
[2021-10-24 20:48:15,021][    INFO][__main__] Open: https://www.recreation.gov/camping/campgrounds/232447
[2021-10-25 20:56:15,140][    INFO][__main__] Open: https://www.recreation.gov/camping/campgrounds/232447
[2021-10-25 21:03:44,083][    INFO][__main__] Open: https://www.recreation.gov/camping/campgrounds/232447
[2021-10-25 21:09:43,388][    INFO][__main__] Open: https://www.recreation.gov/camping/campgrounds/232447
[2021-10-25 21:10:06,595][   ERROR][__main__] 'Value'
Traceback (most recent call last):
  File "/Users/ichiken/VSCode/python_envs/standard/Recreation_gov/get_site_availabitlity.py", line 103, in get_reservation
    df_pivot = pd.pivot_table(df, index='Datetime', columns='Status', values='Value')
  File "/Users/ichiken/VSCode/python_envs/standard/lib/python3.8/site-packages/pandas/core/reshape/pivot.py", line 95, in pivot_table
    table = __internal_pivot_table(
  File "/Users/ichiken/VSCode/python_envs/standard/lib/python3.8/site-packages/pandas/core/reshape/pivot.py", line 141, in __internal_pivot_table
    raise KeyError(i)
KeyError: 'Value'
[2021-10-25 21:12:39,124][    INFO][__main__] Open: https://www.recreation.gov/camping/campgrounds/232447
[2021-10-25 21:14:35,494][    INFO][__main__] Open: https://www.recreation.gov/camping/campgrounds/232447
[2021-10-25 21:17:43,235][    INFO][__main__] Open: https://www.recreation.gov/camping/campgrounds/232447
[2021-10-25 21:27:52,676][    INFO][__main__] Open: https://www.recreation.gov/camping/campgrounds/232447
[2021-10-25 21:30:19,548][    INFO][__main__] Open: https://www.recreation.gov/camping/campgrounds/232447
[2021-10-25 21:40:42,996][    INFO][__main__] Open: https://www.recreation.gov/camping/campgrounds/232447
[2021-10-25 21:41:29,706][   ERROR][__main__] "['Datetime'] not in index"
Traceback (most recent call last):
  File "/Users/ichiken/VSCode/python_envs/standard/Recreation_gov/get_site_availabitlity.py", line 113, in get_reservation
    df_new = df_pivot[['Datetime','Available']]
  File "/Users/ichiken/VSCode/python_envs/standard/lib/python3.8/site-packages/pandas/core/frame.py", line 3464, in __getitem__
    indexer = self.loc._get_listlike_indexer(key, axis=1)[1]
  File "/Users/ichiken/VSCode/python_envs/standard/lib/python3.8/site-packages/pandas/core/indexing.py", line 1314, in _get_listlike_indexer
    self._validate_read_indexer(keyarr, indexer, axis)
  File "/Users/ichiken/VSCode/python_envs/standard/lib/python3.8/site-packages/pandas/core/indexing.py", line 1377, in _validate_read_indexer
    raise KeyError(f"{not_found} not in index")
KeyError: "['Datetime'] not in index"
[2021-10-25 21:45:56,517][    INFO][__main__] Open: https://www.recreation.gov/camping/campgrounds/232447
[2021-10-25 21:49:41,369][    INFO][__main__] Open: https://www.recreation.gov/camping/campgrounds/232447
[2021-10-25 21:50:28,289][   ERROR][__main__] rename() got an unexpected keyword argument 'columns'
Traceback (most recent call last):
  File "/Users/ichiken/VSCode/python_envs/standard/Recreation_gov/get_site_availabitlity.py", line 114, in get_reservation
    df_new = df_pivot['Available'].rename(columns={'Available':self.site_name})
TypeError: rename() got an unexpected keyword argument 'columns'
[2021-10-25 21:54:51,819][    INFO][__main__] Open: https://www.recreation.gov/camping/campgrounds/232447
[2021-10-25 22:14:38,952][    INFO][__main__] Open: https://www.recreation.gov/camping/campgrounds/232447
[2021-10-25 22:17:05,985][    INFO][__main__] Open: https://www.recreation.gov/camping/campgrounds/232447
[2021-10-25 22:17:54,836][    INFO][__main__] Open: https://www.recreation.gov/camping/campgrounds/232450
[2021-10-25 22:18:03,973][   ERROR][__main__] Message: 
Traceback (most recent call last):
  File "/Users/ichiken/VSCode/python_envs/standard/Recreation_gov/get_site_availabitlity.py", line 143, in __click_by_id
    elm.click()
  File "/Users/ichiken/VSCode/python_envs/standard/lib/python3.8/site-packages/selenium/webdriver/remote/webelement.py", line 80, in click
    self._execute(Command.CLICK_ELEMENT)
  File "/Users/ichiken/VSCode/python_envs/standard/lib/python3.8/site-packages/selenium/webdriver/remote/webelement.py", line 633, in _execute
    return self._parent.execute(command, params)
  File "/Users/ichiken/VSCode/python_envs/standard/lib/python3.8/site-packages/selenium/webdriver/remote/webdriver.py", line 321, in execute
    self.error_handler.check_response(response)
  File "/Users/ichiken/VSCode/python_envs/standard/lib/python3.8/site-packages/selenium/webdriver/remote/errorhandler.py", line 242, in check_response
    raise exception_class(message, screen, stacktrace)
selenium.common.exceptions.WebDriverException: Message: 

[2021-10-25 22:18:15,313][   ERROR][__main__] 'Yosemite_Lower_Pines'
Traceback (most recent call last):
  File "/Users/ichiken/VSCode/python_envs/standard/lib/python3.8/site-packages/pandas/core/indexes/base.py", line 3361, in get_loc
    return self._engine.get_loc(casted_key)
  File "pandas/_libs/index.pyx", line 76, in pandas._libs.index.IndexEngine.get_loc
  File "pandas/_libs/index.pyx", line 108, in pandas._libs.index.IndexEngine.get_loc
  File "pandas/_libs/hashtable_class_helper.pxi", line 5198, in pandas._libs.hashtable.PyObjectHashTable.get_item
  File "pandas/_libs/hashtable_class_helper.pxi", line 5206, in pandas._libs.hashtable.PyObjectHashTable.get_item
KeyError: 'Yosemite_Lower_Pines'

The above exception was the direct cause of the following exception:

Traceback (most recent call last):
  File "/Users/ichiken/VSCode/python_envs/standard/Recreation_gov/get_site_availabitlity.py", line 113, in get_reservation
    df_new = df_pivot[self.site_name]
  File "/Users/ichiken/VSCode/python_envs/standard/lib/python3.8/site-packages/pandas/core/frame.py", line 3458, in __getitem__
    indexer = self.columns.get_loc(key)
  File "/Users/ichiken/VSCode/python_envs/standard/lib/python3.8/site-packages/pandas/core/indexes/base.py", line 3363, in get_loc
    raise KeyError(key) from err
KeyError: 'Yosemite_Lower_Pines'
[2021-10-25 22:30:15,614][    INFO][__main__] Open: https://www.recreation.gov/camping/campgrounds/232447
[2021-10-25 22:31:09,302][    INFO][__main__] Open: https://www.recreation.gov/camping/campgrounds/232450
[2021-10-25 22:31:19,097][   ERROR][__main__] Message: 
Traceback (most recent call last):
  File "/Users/ichiken/VSCode/python_envs/standard/Recreation_gov/get_site_availabitlity.py", line 144, in __click_by_id
    elm.click()
  File "/Users/ichiken/VSCode/python_envs/standard/lib/python3.8/site-packages/selenium/webdriver/remote/webelement.py", line 80, in click
    self._execute(Command.CLICK_ELEMENT)
  File "/Users/ichiken/VSCode/python_envs/standard/lib/python3.8/site-packages/selenium/webdriver/remote/webelement.py", line 633, in _execute
    return self._parent.execute(command, params)
  File "/Users/ichiken/VSCode/python_envs/standard/lib/python3.8/site-packages/selenium/webdriver/remote/webdriver.py", line 321, in execute
    self.error_handler.check_response(response)
  File "/Users/ichiken/VSCode/python_envs/standard/lib/python3.8/site-packages/selenium/webdriver/remote/errorhandler.py", line 242, in check_response
    raise exception_class(message, screen, stacktrace)
selenium.common.exceptions.WebDriverException: Message: 

[2021-10-25 22:31:33,351][    INFO][__main__] Open: https://www.recreation.gov/camping/campgrounds/232449
[2021-10-25 22:47:47,086][    INFO][__main__] Open: https://www.recreation.gov/camping/campgrounds/232447
[2021-10-25 22:48:13,331][    INFO][__main__] Open: https://www.recreation.gov/camping/campgrounds/232450
[2021-10-25 22:48:24,054][    INFO][__main__] Open: https://www.recreation.gov/camping/campgrounds/232449
[2021-10-25 22:53:15,539][    INFO][__main__] Open: https://www.recreation.gov/camping/campgrounds/232447
[2021-10-25 22:53:39,190][    INFO][__main__] Open: https://www.recreation.gov/camping/campgrounds/232450
[2021-10-25 22:53:50,172][    INFO][__main__] Open: https://www.recreation.gov/camping/campgrounds/232449
[2021-10-25 22:57:32,013][    INFO][__main__] Open: https://www.recreation.gov/camping/campgrounds/232447
[2021-10-25 22:59:02,354][    INFO][__main__] Open: https://www.recreation.gov/camping/campgrounds/232447
[2021-10-25 23:01:24,928][    INFO][__main__] Open: https://www.recreation.gov/camping/campgrounds/232447
[2021-10-25 23:01:50,553][    INFO][__main__] Open: https://www.recreation.gov/camping/campgrounds/232450
[2021-10-25 23:02:01,950][    INFO][__main__] Open: https://www.recreation.gov/camping/campgrounds/232449
[2021-10-25 23:03:48,437][    INFO][__main__] Open: https://www.recreation.gov/camping/campgrounds/232447
[2021-10-25 23:04:17,048][    INFO][__main__] Open: https://www.recreation.gov/camping/campgrounds/232450
[2021-10-25 23:04:28,604][    INFO][__main__] Open: https://www.recreation.gov/camping/campgrounds/232449
[2021-10-27 20:43:34,498][    INFO][__main__] Open: https://www.recreation.gov/camping/campgrounds/232447
[2021-10-27 20:44:01,165][    INFO][__main__] Open: https://www.recreation.gov/camping/campgrounds/232450
[2021-10-27 20:44:12,149][    INFO][__main__] Open: https://www.recreation.gov/camping/campgrounds/232449
[2021-10-27 21:26:47,330][    INFO][__main__] Open: https://www.recreation.gov/camping/campgrounds/232447
[2021-10-27 21:27:10,282][    INFO][__main__] Open: https://www.recreation.gov/camping/campgrounds/232450
[2021-10-27 21:27:21,802][    INFO][__main__] Open: https://www.recreation.gov/camping/campgrounds/232449
[2021-10-27 21:28:38,425][    INFO][__main__] Open: https://www.recreation.gov/camping/campgrounds/232447
[2021-10-27 21:29:05,124][    INFO][__main__] Open: https://www.recreation.gov/camping/campgrounds/232450
[2021-10-27 21:29:16,894][    INFO][__main__] Open: https://www.recreation.gov/camping/campgrounds/232449
[2021-10-27 21:32:53,322][    INFO][__main__] Open: https://www.recreation.gov/camping/campgrounds/232447
[2021-10-27 21:33:18,888][    INFO][__main__] Open: https://www.recreation.gov/camping/campgrounds/232450
[2021-10-27 21:33:29,187][    INFO][__main__] Open: https://www.recreation.gov/camping/campgrounds/232449
[2021-10-27 21:36:29,851][    INFO][__main__] Open: https://www.recreation.gov/camping/campgrounds/232447
[2021-10-27 21:36:50,259][    INFO][__main__] Open: https://www.recreation.gov/camping/campgrounds/232450
[2021-10-27 21:36:59,579][    INFO][__main__] Open: https://www.recreation.gov/camping/campgrounds/232449
[2021-10-27 21:43:52,061][    INFO][__main__] Open: https://www.recreation.gov/camping/campgrounds/232450
[2021-10-27 21:44:02,398][    INFO][__main__] Open: https://www.recreation.gov/camping/campgrounds/232449
[2021-10-27 21:54:27,455][    INFO][__main__] Open: https://www.recreation.gov/camping/campgrounds/232450
[2021-10-27 21:54:38,186][    INFO][__main__] Open: https://www.recreation.gov/camping/campgrounds/232449
[2021-10-27 21:55:21,453][    INFO][__main__] Open: https://www.recreation.gov/camping/campgrounds/232450
[2021-10-27 21:55:31,901][    INFO][__main__] Open: https://www.recreation.gov/camping/campgrounds/232449
[2021-10-30 09:46:43,533][    INFO][__main__] Open: https://www.recreation.gov/camping/campgrounds/232447
[2021-10-30 09:47:10,952][    INFO][__main__] Open: https://www.recreation.gov/camping/campgrounds/232450
[2021-10-30 09:47:22,084][    INFO][__main__] Open: https://www.recreation.gov/camping/campgrounds/232449
[2021-10-30 10:10:12,243][    INFO][__main__] Open: https://www.recreation.gov/camping/campgrounds/232447
[2021-10-30 10:10:31,947][    INFO][__main__] Open: https://www.recreation.gov/camping/campgrounds/232450
[2021-10-30 10:10:41,079][    INFO][__main__] Open: https://www.recreation.gov/camping/campgrounds/232449
[2021-10-30 10:11:22,034][    INFO][__main__] Open: https://www.recreation.gov/camping/campgrounds/232447
[2021-10-30 10:11:41,299][    INFO][__main__] Open: https://www.recreation.gov/camping/campgrounds/232450
[2021-10-30 10:11:50,495][    INFO][__main__] Open: https://www.recreation.gov/camping/campgrounds/232449
[2021-10-30 10:12:51,478][    INFO][__main__] Open: https://www.recreation.gov/camping/campgrounds/232447
[2021-10-30 10:13:14,646][    INFO][__main__] Open: https://www.recreation.gov/camping/campgrounds/232450
[2021-10-30 10:13:25,010][    INFO][__main__] Open: https://www.recreation.gov/camping/campgrounds/232449
[2021-10-30 10:18:53,733][    INFO][__main__] Open: https://www.recreation.gov/camping/campgrounds/232447
[2021-10-30 10:19:11,835][    INFO][__main__] Open: https://www.recreation.gov/camping/campgrounds/232450
[2021-10-30 10:19:21,169][    INFO][__main__] Open: https://www.recreation.gov/camping/campgrounds/232449
[2021-10-30 10:31:38,949][    INFO][__main__] Open: https://www.recreation.gov/camping/campgrounds/232447
[2021-10-30 10:31:57,957][    INFO][__main__] Open: https://www.recreation.gov/camping/campgrounds/232450
[2021-10-30 10:32:07,238][    INFO][__main__] Open: https://www.recreation.gov/camping/campgrounds/232449
[2021-10-30 10:40:04,045][    INFO][__main__] Open: https://www.recreation.gov/camping/campgrounds/232447
[2021-10-30 10:40:21,907][    INFO][__main__] Open: https://www.recreation.gov/camping/campgrounds/232450
[2021-10-30 10:40:31,344][    INFO][__main__] Open: https://www.recreation.gov/camping/campgrounds/232449
[2021-10-30 10:40:55,868][    INFO][__main__] Open: https://www.recreation.gov/camping/campgrounds/232447
[2021-10-30 10:41:15,279][    INFO][__main__] Open: https://www.recreation.gov/camping/campgrounds/232450
[2021-10-30 10:41:24,424][    INFO][__main__] Open: https://www.recreation.gov/camping/campgrounds/232449
[2021-10-30 16:25:58,125][    INFO][__main__] Open: https://www.recreation.gov/camping/campgrounds/232447
[2021-10-30 16:26:19,961][    INFO][__main__] Open: https://www.recreation.gov/camping/campgrounds/232450
[2021-10-30 16:26:29,843][    INFO][__main__] Open: https://www.recreation.gov/camping/campgrounds/232449
[2021-10-30 17:15:30,326][    INFO][__main__] Open: https://www.recreation.gov/camping/campgrounds/232447
[2021-10-30 17:15:50,552][    INFO][__main__] Open: https://www.recreation.gov/camping/campgrounds/232450
[2021-10-30 17:16:00,406][    INFO][__main__] Open: https://www.recreation.gov/camping/campgrounds/232449
[2021-10-30 17:32:45,245][    INFO][__main__] Open: https://www.recreation.gov/camping/campgrounds/232447
[2021-10-30 17:33:09,084][    INFO][__main__] Open: https://www.recreation.gov/camping/campgrounds/232450
[2021-10-30 17:33:20,117][    INFO][__main__] Open: https://www.recreation.gov/camping/campgrounds/232449
[2021-10-30 17:34:31,409][    INFO][__main__] Open: https://www.recreation.gov/camping/campgrounds/232447
[2021-10-30 17:34:48,976][   ERROR][__main__] Message: 
Traceback (most recent call last):
  File "/Users/ichiken/VSCode/python_envs/standard/Recreation_gov/get_site_availabitlity.py", line 145, in __click_by_id
    elm.click()
  File "/Users/ichiken/VSCode/python_envs/standard/lib/python3.8/site-packages/selenium/webdriver/remote/webelement.py", line 80, in click
    self._execute(Command.CLICK_ELEMENT)
  File "/Users/ichiken/VSCode/python_envs/standard/lib/python3.8/site-packages/selenium/webdriver/remote/webelement.py", line 633, in _execute
    return self._parent.execute(command, params)
  File "/Users/ichiken/VSCode/python_envs/standard/lib/python3.8/site-packages/selenium/webdriver/remote/webdriver.py", line 321, in execute
    self.error_handler.check_response(response)
  File "/Users/ichiken/VSCode/python_envs/standard/lib/python3.8/site-packages/selenium/webdriver/remote/errorhandler.py", line 242, in check_response
    raise exception_class(message, screen, stacktrace)
selenium.common.exceptions.WebDriverException: Message: 

[2021-10-30 17:35:09,409][    INFO][__main__] Open: https://www.recreation.gov/camping/campgrounds/232450
[2021-10-30 17:35:27,455][   ERROR][__main__] Message: 
Traceback (most recent call last):
  File "/Users/ichiken/VSCode/python_envs/standard/Recreation_gov/get_site_availabitlity.py", line 145, in __click_by_id
    elm.click()
  File "/Users/ichiken/VSCode/python_envs/standard/lib/python3.8/site-packages/selenium/webdriver/remote/webelement.py", line 80, in click
    self._execute(Command.CLICK_ELEMENT)
  File "/Users/ichiken/VSCode/python_envs/standard/lib/python3.8/site-packages/selenium/webdriver/remote/webelement.py", line 633, in _execute
    return self._parent.execute(command, params)
  File "/Users/ichiken/VSCode/python_envs/standard/lib/python3.8/site-packages/selenium/webdriver/remote/webdriver.py", line 321, in execute
    self.error_handler.check_response(response)
  File "/Users/ichiken/VSCode/python_envs/standard/lib/python3.8/site-packages/selenium/webdriver/remote/errorhandler.py", line 242, in check_response
    raise exception_class(message, screen, stacktrace)
selenium.common.exceptions.WebDriverException: Message: 

[2021-10-30 17:35:39,052][    INFO][__main__] Open: https://www.recreation.gov/camping/campgrounds/232449
[2021-10-30 17:35:47,030][   ERROR][__main__] Message: 
Traceback (most recent call last):
  File "/Users/ichiken/VSCode/python_envs/standard/Recreation_gov/get_site_availabitlity.py", line 145, in __click_by_id
    elm.click()
  File "/Users/ichiken/VSCode/python_envs/standard/lib/python3.8/site-packages/selenium/webdriver/remote/webelement.py", line 80, in click
    self._execute(Command.CLICK_ELEMENT)
  File "/Users/ichiken/VSCode/python_envs/standard/lib/python3.8/site-packages/selenium/webdriver/remote/webelement.py", line 633, in _execute
    return self._parent.execute(command, params)
  File "/Users/ichiken/VSCode/python_envs/standard/lib/python3.8/site-packages/selenium/webdriver/remote/webdriver.py", line 321, in execute
    self.error_handler.check_response(response)
  File "/Users/ichiken/VSCode/python_envs/standard/lib/python3.8/site-packages/selenium/webdriver/remote/errorhandler.py", line 242, in check_response
    raise exception_class(message, screen, stacktrace)
selenium.common.exceptions.WebDriverException: Message: 

[2021-10-30 17:36:57,895][    INFO][__main__] Open: https://www.recreation.gov/camping/campgrounds/232447
[2021-10-30 17:37:16,021][   ERROR][__main__] Message: 
Traceback (most recent call last):
  File "/Users/ichiken/VSCode/python_envs/standard/Recreation_gov/get_site_availabitlity.py", line 145, in __click_by_id
    elm.click()
  File "/Users/ichiken/VSCode/python_envs/standard/lib/python3.8/site-packages/selenium/webdriver/remote/webelement.py", line 80, in click
    self._execute(Command.CLICK_ELEMENT)
  File "/Users/ichiken/VSCode/python_envs/standard/lib/python3.8/site-packages/selenium/webdriver/remote/webelement.py", line 633, in _execute
    return self._parent.execute(command, params)
  File "/Users/ichiken/VSCode/python_envs/standard/lib/python3.8/site-packages/selenium/webdriver/remote/webdriver.py", line 321, in execute
    self.error_handler.check_response(response)
  File "/Users/ichiken/VSCode/python_envs/standard/lib/python3.8/site-packages/selenium/webdriver/remote/errorhandler.py", line 242, in check_response
    raise exception_class(message, screen, stacktrace)
selenium.common.exceptions.WebDriverException: Message: 

[2021-10-30 17:37:39,308][    INFO][__main__] Open: https://www.recreation.gov/camping/campgrounds/232450
[2021-10-30 17:37:47,769][   ERROR][__main__] Message: 
Traceback (most recent call last):
  File "/Users/ichiken/VSCode/python_envs/standard/Recreation_gov/get_site_availabitlity.py", line 145, in __click_by_id
    elm.click()
  File "/Users/ichiken/VSCode/python_envs/standard/lib/python3.8/site-packages/selenium/webdriver/remote/webelement.py", line 80, in click
    self._execute(Command.CLICK_ELEMENT)
  File "/Users/ichiken/VSCode/python_envs/standard/lib/python3.8/site-packages/selenium/webdriver/remote/webelement.py", line 633, in _execute
    return self._parent.execute(command, params)
  File "/Users/ichiken/VSCode/python_envs/standard/lib/python3.8/site-packages/selenium/webdriver/remote/webdriver.py", line 321, in execute
    self.error_handler.check_response(response)
  File "/Users/ichiken/VSCode/python_envs/standard/lib/python3.8/site-packages/selenium/webdriver/remote/errorhandler.py", line 242, in check_response
    raise exception_class(message, screen, stacktrace)
selenium.common.exceptions.WebDriverException: Message: 

[2021-10-30 17:37:59,618][    INFO][__main__] Open: https://www.recreation.gov/camping/campgrounds/232449
[2021-10-30 17:38:07,637][   ERROR][__main__] Message: 
Traceback (most recent call last):
  File "/Users/ichiken/VSCode/python_envs/standard/Recreation_gov/get_site_availabitlity.py", line 145, in __click_by_id
    elm.click()
  File "/Users/ichiken/VSCode/python_envs/standard/lib/python3.8/site-packages/selenium/webdriver/remote/webelement.py", line 80, in click
    self._execute(Command.CLICK_ELEMENT)
  File "/Users/ichiken/VSCode/python_envs/standard/lib/python3.8/site-packages/selenium/webdriver/remote/webelement.py", line 633, in _execute
    return self._parent.execute(command, params)
  File "/Users/ichiken/VSCode/python_envs/standard/lib/python3.8/site-packages/selenium/webdriver/remote/webdriver.py", line 321, in execute
    self.error_handler.check_response(response)
  File "/Users/ichiken/VSCode/python_envs/standard/lib/python3.8/site-packages/selenium/webdriver/remote/errorhandler.py", line 242, in check_response
    raise exception_class(message, screen, stacktrace)
selenium.common.exceptions.WebDriverException: Message: 

[2021-10-30 20:58:33,077][    INFO][__main__] Open: https://www.recreation.gov/camping/campgrounds/232490
[2021-10-30 20:59:01,070][   ERROR][__main__] Message: 
Traceback (most recent call last):
  File "/Users/ichiken/VSCode/python_envs/standard/Recreation_gov/get_site_availabitlity.py", line 145, in __click_by_id
    elm.click()
  File "/Users/ichiken/VSCode/python_envs/standard/lib/python3.8/site-packages/selenium/webdriver/remote/webelement.py", line 80, in click
    self._execute(Command.CLICK_ELEMENT)
  File "/Users/ichiken/VSCode/python_envs/standard/lib/python3.8/site-packages/selenium/webdriver/remote/webelement.py", line 633, in _execute
    return self._parent.execute(command, params)
  File "/Users/ichiken/VSCode/python_envs/standard/lib/python3.8/site-packages/selenium/webdriver/remote/webdriver.py", line 321, in execute
    self.error_handler.check_response(response)
  File "/Users/ichiken/VSCode/python_envs/standard/lib/python3.8/site-packages/selenium/webdriver/remote/errorhandler.py", line 242, in check_response
    raise exception_class(message, screen, stacktrace)
selenium.common.exceptions.WebDriverException: Message: 

[2021-10-30 20:59:31,506][    INFO][__main__] Open: https://www.recreation.gov/camping/campgrounds/258825
[2021-10-30 20:59:40,355][   ERROR][__main__] Message: 
Traceback (most recent call last):
  File "/Users/ichiken/VSCode/python_envs/standard/Recreation_gov/get_site_availabitlity.py", line 145, in __click_by_id
    elm.click()
  File "/Users/ichiken/VSCode/python_envs/standard/lib/python3.8/site-packages/selenium/webdriver/remote/webelement.py", line 80, in click
    self._execute(Command.CLICK_ELEMENT)
  File "/Users/ichiken/VSCode/python_envs/standard/lib/python3.8/site-packages/selenium/webdriver/remote/webelement.py", line 633, in _execute
    return self._parent.execute(command, params)
  File "/Users/ichiken/VSCode/python_envs/standard/lib/python3.8/site-packages/selenium/webdriver/remote/webdriver.py", line 321, in execute
    self.error_handler.check_response(response)
  File "/Users/ichiken/VSCode/python_envs/standard/lib/python3.8/site-packages/selenium/webdriver/remote/errorhandler.py", line 242, in check_response
    raise exception_class(message, screen, stacktrace)
selenium.common.exceptions.WebDriverException: Message: 

[2021-10-30 20:59:51,842][    INFO][__main__] Open: https://www.recreation.gov/camping/campgrounds/232489
[2021-10-30 21:00:03,098][   ERROR][__main__] Message: 
Traceback (most recent call last):
  File "/Users/ichiken/VSCode/python_envs/standard/Recreation_gov/get_site_availabitlity.py", line 145, in __click_by_id
    elm.click()
  File "/Users/ichiken/VSCode/python_envs/standard/lib/python3.8/site-packages/selenium/webdriver/remote/webelement.py", line 80, in click
    self._execute(Command.CLICK_ELEMENT)
  File "/Users/ichiken/VSCode/python_envs/standard/lib/python3.8/site-packages/selenium/webdriver/remote/webelement.py", line 633, in _execute
    return self._parent.execute(command, params)
  File "/Users/ichiken/VSCode/python_envs/standard/lib/python3.8/site-packages/selenium/webdriver/remote/webdriver.py", line 321, in execute
    self.error_handler.check_response(response)
  File "/Users/ichiken/VSCode/python_envs/standard/lib/python3.8/site-packages/selenium/webdriver/remote/errorhandler.py", line 242, in check_response
    raise exception_class(message, screen, stacktrace)
selenium.common.exceptions.WebDriverException: Message: 

[2021-10-30 21:00:16,882][    INFO][__main__] Open: https://www.recreation.gov/camping/campgrounds/232447
[2021-10-30 21:00:41,827][   ERROR][__main__] Message: 
Traceback (most recent call last):
  File "/Users/ichiken/VSCode/python_envs/standard/Recreation_gov/get_site_availabitlity.py", line 145, in __click_by_id
    elm.click()
  File "/Users/ichiken/VSCode/python_envs/standard/lib/python3.8/site-packages/selenium/webdriver/remote/webelement.py", line 80, in click
    self._execute(Command.CLICK_ELEMENT)
  File "/Users/ichiken/VSCode/python_envs/standard/lib/python3.8/site-packages/selenium/webdriver/remote/webelement.py", line 633, in _execute
    return self._parent.execute(command, params)
  File "/Users/ichiken/VSCode/python_envs/standard/lib/python3.8/site-packages/selenium/webdriver/remote/webdriver.py", line 321, in execute
    self.error_handler.check_response(response)
  File "/Users/ichiken/VSCode/python_envs/standard/lib/python3.8/site-packages/selenium/webdriver/remote/errorhandler.py", line 242, in check_response
    raise exception_class(message, screen, stacktrace)
selenium.common.exceptions.WebDriverException: Message: 

[2021-10-30 21:01:07,510][    INFO][__main__] Open: https://www.recreation.gov/camping/campgrounds/232450
[2021-10-30 21:01:17,340][   ERROR][__main__] Message: 
Traceback (most recent call last):
  File "/Users/ichiken/VSCode/python_envs/standard/Recreation_gov/get_site_availabitlity.py", line 145, in __click_by_id
    elm.click()
  File "/Users/ichiken/VSCode/python_envs/standard/lib/python3.8/site-packages/selenium/webdriver/remote/webelement.py", line 80, in click
    self._execute(Command.CLICK_ELEMENT)
  File "/Users/ichiken/VSCode/python_envs/standard/lib/python3.8/site-packages/selenium/webdriver/remote/webelement.py", line 633, in _execute
    return self._parent.execute(command, params)
  File "/Users/ichiken/VSCode/python_envs/standard/lib/python3.8/site-packages/selenium/webdriver/remote/webdriver.py", line 321, in execute
    self.error_handler.check_response(response)
  File "/Users/ichiken/VSCode/python_envs/standard/lib/python3.8/site-packages/selenium/webdriver/remote/errorhandler.py", line 242, in check_response
    raise exception_class(message, screen, stacktrace)
selenium.common.exceptions.WebDriverException: Message: 

[2021-10-30 21:01:29,899][    INFO][__main__] Open: https://www.recreation.gov/camping/campgrounds/232449
[2021-10-30 21:01:39,592][   ERROR][__main__] Message: 
Traceback (most recent call last):
  File "/Users/ichiken/VSCode/python_envs/standard/Recreation_gov/get_site_availabitlity.py", line 145, in __click_by_id
    elm.click()
  File "/Users/ichiken/VSCode/python_envs/standard/lib/python3.8/site-packages/selenium/webdriver/remote/webelement.py", line 80, in click
    self._execute(Command.CLICK_ELEMENT)
  File "/Users/ichiken/VSCode/python_envs/standard/lib/python3.8/site-packages/selenium/webdriver/remote/webelement.py", line 633, in _execute
    return self._parent.execute(command, params)
  File "/Users/ichiken/VSCode/python_envs/standard/lib/python3.8/site-packages/selenium/webdriver/remote/webdriver.py", line 321, in execute
    self.error_handler.check_response(response)
  File "/Users/ichiken/VSCode/python_envs/standard/lib/python3.8/site-packages/selenium/webdriver/remote/errorhandler.py", line 242, in check_response
    raise exception_class(message, screen, stacktrace)
selenium.common.exceptions.WebDriverException: Message: 

[2021-10-30 21:07:48,169][    INFO][__main__] Open: https://www.recreation.gov/camping/campgrounds/232447
[2021-10-30 21:08:13,376][   ERROR][__main__] Message: 
Traceback (most recent call last):
  File "/Users/ichiken/VSCode/python_envs/standard/Recreation_gov/get_site_availabitlity.py", line 145, in __click_by_id
    elm.click()
  File "/Users/ichiken/VSCode/python_envs/standard/lib/python3.8/site-packages/selenium/webdriver/remote/webelement.py", line 80, in click
    self._execute(Command.CLICK_ELEMENT)
  File "/Users/ichiken/VSCode/python_envs/standard/lib/python3.8/site-packages/selenium/webdriver/remote/webelement.py", line 633, in _execute
    return self._parent.execute(command, params)
  File "/Users/ichiken/VSCode/python_envs/standard/lib/python3.8/site-packages/selenium/webdriver/remote/webdriver.py", line 321, in execute
    self.error_handler.check_response(response)
  File "/Users/ichiken/VSCode/python_envs/standard/lib/python3.8/site-packages/selenium/webdriver/remote/errorhandler.py", line 242, in check_response
    raise exception_class(message, screen, stacktrace)
selenium.common.exceptions.WebDriverException: Message: 

[2021-10-30 21:08:37,641][    INFO][__main__] Open: https://www.recreation.gov/camping/campgrounds/232450
[2021-10-30 21:08:46,740][   ERROR][__main__] Message: 
Traceback (most recent call last):
  File "/Users/ichiken/VSCode/python_envs/standard/Recreation_gov/get_site_availabitlity.py", line 145, in __click_by_id
    elm.click()
  File "/Users/ichiken/VSCode/python_envs/standard/lib/python3.8/site-packages/selenium/webdriver/remote/webelement.py", line 80, in click
    self._execute(Command.CLICK_ELEMENT)
  File "/Users/ichiken/VSCode/python_envs/standard/lib/python3.8/site-packages/selenium/webdriver/remote/webelement.py", line 633, in _execute
    return self._parent.execute(command, params)
  File "/Users/ichiken/VSCode/python_envs/standard/lib/python3.8/site-packages/selenium/webdriver/remote/webdriver.py", line 321, in execute
    self.error_handler.check_response(response)
  File "/Users/ichiken/VSCode/python_envs/standard/lib/python3.8/site-packages/selenium/webdriver/remote/errorhandler.py", line 242, in check_response
    raise exception_class(message, screen, stacktrace)
selenium.common.exceptions.WebDriverException: Message: 

[2021-10-30 21:08:59,173][    INFO][__main__] Open: https://www.recreation.gov/camping/campgrounds/232449
[2021-10-30 21:09:08,805][   ERROR][__main__] Message: 
Traceback (most recent call last):
  File "/Users/ichiken/VSCode/python_envs/standard/Recreation_gov/get_site_availabitlity.py", line 145, in __click_by_id
    elm.click()
  File "/Users/ichiken/VSCode/python_envs/standard/lib/python3.8/site-packages/selenium/webdriver/remote/webelement.py", line 80, in click
    self._execute(Command.CLICK_ELEMENT)
  File "/Users/ichiken/VSCode/python_envs/standard/lib/python3.8/site-packages/selenium/webdriver/remote/webelement.py", line 633, in _execute
    return self._parent.execute(command, params)
  File "/Users/ichiken/VSCode/python_envs/standard/lib/python3.8/site-packages/selenium/webdriver/remote/webdriver.py", line 321, in execute
    self.error_handler.check_response(response)
  File "/Users/ichiken/VSCode/python_envs/standard/lib/python3.8/site-packages/selenium/webdriver/remote/errorhandler.py", line 242, in check_response
    raise exception_class(message, screen, stacktrace)
selenium.common.exceptions.WebDriverException: Message: 

[2021-10-30 21:09:08,820][   ERROR][__main__] Message: 
Traceback (most recent call last):
  File "/Users/ichiken/VSCode/python_envs/standard/Recreation_gov/get_site_availabitlity.py", line 156, in __click_by_xpath
    elm.click()
  File "/Users/ichiken/VSCode/python_envs/standard/lib/python3.8/site-packages/selenium/webdriver/remote/webelement.py", line 80, in click
    self._execute(Command.CLICK_ELEMENT)
  File "/Users/ichiken/VSCode/python_envs/standard/lib/python3.8/site-packages/selenium/webdriver/remote/webelement.py", line 633, in _execute
    return self._parent.execute(command, params)
  File "/Users/ichiken/VSCode/python_envs/standard/lib/python3.8/site-packages/selenium/webdriver/remote/webdriver.py", line 321, in execute
    self.error_handler.check_response(response)
  File "/Users/ichiken/VSCode/python_envs/standard/lib/python3.8/site-packages/selenium/webdriver/remote/errorhandler.py", line 242, in check_response
    raise exception_class(message, screen, stacktrace)
selenium.common.exceptions.WebDriverException: Message: 

[2021-10-30 21:09:09,842][   ERROR][__main__] Message: 
Traceback (most recent call last):
  File "/Users/ichiken/VSCode/python_envs/standard/Recreation_gov/get_site_availabitlity.py", line 156, in __click_by_xpath
    elm.click()
  File "/Users/ichiken/VSCode/python_envs/standard/lib/python3.8/site-packages/selenium/webdriver/remote/webelement.py", line 80, in click
    self._execute(Command.CLICK_ELEMENT)
  File "/Users/ichiken/VSCode/python_envs/standard/lib/python3.8/site-packages/selenium/webdriver/remote/webelement.py", line 633, in _execute
    return self._parent.execute(command, params)
  File "/Users/ichiken/VSCode/python_envs/standard/lib/python3.8/site-packages/selenium/webdriver/remote/webdriver.py", line 321, in execute
    self.error_handler.check_response(response)
  File "/Users/ichiken/VSCode/python_envs/standard/lib/python3.8/site-packages/selenium/webdriver/remote/errorhandler.py", line 242, in check_response
    raise exception_class(message, screen, stacktrace)
selenium.common.exceptions.WebDriverException: Message: 

[2021-10-30 21:09:10,864][   ERROR][__main__] Message: 
Traceback (most recent call last):
  File "/Users/ichiken/VSCode/python_envs/standard/Recreation_gov/get_site_availabitlity.py", line 156, in __click_by_xpath
    elm.click()
  File "/Users/ichiken/VSCode/python_envs/standard/lib/python3.8/site-packages/selenium/webdriver/remote/webelement.py", line 80, in click
    self._execute(Command.CLICK_ELEMENT)
  File "/Users/ichiken/VSCode/python_envs/standard/lib/python3.8/site-packages/selenium/webdriver/remote/webelement.py", line 633, in _execute
    return self._parent.execute(command, params)
  File "/Users/ichiken/VSCode/python_envs/standard/lib/python3.8/site-packages/selenium/webdriver/remote/webdriver.py", line 321, in execute
    self.error_handler.check_response(response)
  File "/Users/ichiken/VSCode/python_envs/standard/lib/python3.8/site-packages/selenium/webdriver/remote/errorhandler.py", line 242, in check_response
    raise exception_class(message, screen, stacktrace)
selenium.common.exceptions.WebDriverException: Message: 

[2021-10-30 21:09:17,771][    INFO][__main__] Open: https://www.recreation.gov/camping/campgrounds/232490
[2021-10-30 21:09:46,220][   ERROR][__main__] Message: 
Traceback (most recent call last):
  File "/Users/ichiken/VSCode/python_envs/standard/Recreation_gov/get_site_availabitlity.py", line 145, in __click_by_id
    elm.click()
  File "/Users/ichiken/VSCode/python_envs/standard/lib/python3.8/site-packages/selenium/webdriver/remote/webelement.py", line 80, in click
    self._execute(Command.CLICK_ELEMENT)
  File "/Users/ichiken/VSCode/python_envs/standard/lib/python3.8/site-packages/selenium/webdriver/remote/webelement.py", line 633, in _execute
    return self._parent.execute(command, params)
  File "/Users/ichiken/VSCode/python_envs/standard/lib/python3.8/site-packages/selenium/webdriver/remote/webdriver.py", line 321, in execute
    self.error_handler.check_response(response)
  File "/Users/ichiken/VSCode/python_envs/standard/lib/python3.8/site-packages/selenium/webdriver/remote/errorhandler.py", line 242, in check_response
    raise exception_class(message, screen, stacktrace)
selenium.common.exceptions.WebDriverException: Message: 

[2021-10-30 21:10:16,496][    INFO][__main__] Open: https://www.recreation.gov/camping/campgrounds/258825
[2021-10-30 21:10:25,112][   ERROR][__main__] Message: 
Traceback (most recent call last):
  File "/Users/ichiken/VSCode/python_envs/standard/Recreation_gov/get_site_availabitlity.py", line 145, in __click_by_id
    elm.click()
  File "/Users/ichiken/VSCode/python_envs/standard/lib/python3.8/site-packages/selenium/webdriver/remote/webelement.py", line 80, in click
    self._execute(Command.CLICK_ELEMENT)
  File "/Users/ichiken/VSCode/python_envs/standard/lib/python3.8/site-packages/selenium/webdriver/remote/webelement.py", line 633, in _execute
    return self._parent.execute(command, params)
  File "/Users/ichiken/VSCode/python_envs/standard/lib/python3.8/site-packages/selenium/webdriver/remote/webdriver.py", line 321, in execute
    self.error_handler.check_response(response)
  File "/Users/ichiken/VSCode/python_envs/standard/lib/python3.8/site-packages/selenium/webdriver/remote/errorhandler.py", line 242, in check_response
    raise exception_class(message, screen, stacktrace)
selenium.common.exceptions.WebDriverException: Message: 

[2021-10-30 21:10:25,129][   ERROR][__main__] Message: 
Traceback (most recent call last):
  File "/Users/ichiken/VSCode/python_envs/standard/Recreation_gov/get_site_availabitlity.py", line 156, in __click_by_xpath
    elm.click()
  File "/Users/ichiken/VSCode/python_envs/standard/lib/python3.8/site-packages/selenium/webdriver/remote/webelement.py", line 80, in click
    self._execute(Command.CLICK_ELEMENT)
  File "/Users/ichiken/VSCode/python_envs/standard/lib/python3.8/site-packages/selenium/webdriver/remote/webelement.py", line 633, in _execute
    return self._parent.execute(command, params)
  File "/Users/ichiken/VSCode/python_envs/standard/lib/python3.8/site-packages/selenium/webdriver/remote/webdriver.py", line 321, in execute
    self.error_handler.check_response(response)
  File "/Users/ichiken/VSCode/python_envs/standard/lib/python3.8/site-packages/selenium/webdriver/remote/errorhandler.py", line 242, in check_response
    raise exception_class(message, screen, stacktrace)
selenium.common.exceptions.WebDriverException: Message: 

[2021-10-30 21:10:26,147][   ERROR][__main__] Message: 
Traceback (most recent call last):
  File "/Users/ichiken/VSCode/python_envs/standard/Recreation_gov/get_site_availabitlity.py", line 156, in __click_by_xpath
    elm.click()
  File "/Users/ichiken/VSCode/python_envs/standard/lib/python3.8/site-packages/selenium/webdriver/remote/webelement.py", line 80, in click
    self._execute(Command.CLICK_ELEMENT)
  File "/Users/ichiken/VSCode/python_envs/standard/lib/python3.8/site-packages/selenium/webdriver/remote/webelement.py", line 633, in _execute
    return self._parent.execute(command, params)
  File "/Users/ichiken/VSCode/python_envs/standard/lib/python3.8/site-packages/selenium/webdriver/remote/webdriver.py", line 321, in execute
    self.error_handler.check_response(response)
  File "/Users/ichiken/VSCode/python_envs/standard/lib/python3.8/site-packages/selenium/webdriver/remote/errorhandler.py", line 242, in check_response
    raise exception_class(message, screen, stacktrace)
selenium.common.exceptions.WebDriverException: Message: 

[2021-10-30 21:10:27,163][   ERROR][__main__] Message: 
Traceback (most recent call last):
  File "/Users/ichiken/VSCode/python_envs/standard/Recreation_gov/get_site_availabitlity.py", line 156, in __click_by_xpath
    elm.click()
  File "/Users/ichiken/VSCode/python_envs/standard/lib/python3.8/site-packages/selenium/webdriver/remote/webelement.py", line 80, in click
    self._execute(Command.CLICK_ELEMENT)
  File "/Users/ichiken/VSCode/python_envs/standard/lib/python3.8/site-packages/selenium/webdriver/remote/webelement.py", line 633, in _execute
    return self._parent.execute(command, params)
  File "/Users/ichiken/VSCode/python_envs/standard/lib/python3.8/site-packages/selenium/webdriver/remote/webdriver.py", line 321, in execute
    self.error_handler.check_response(response)
  File "/Users/ichiken/VSCode/python_envs/standard/lib/python3.8/site-packages/selenium/webdriver/remote/errorhandler.py", line 242, in check_response
    raise exception_class(message, screen, stacktrace)
selenium.common.exceptions.WebDriverException: Message: 

[2021-10-30 21:10:33,667][    INFO][__main__] Open: https://www.recreation.gov/camping/campgrounds/232489
[2021-10-30 21:10:46,109][   ERROR][__main__] Message: 
Traceback (most recent call last):
  File "/Users/ichiken/VSCode/python_envs/standard/Recreation_gov/get_site_availabitlity.py", line 145, in __click_by_id
    elm.click()
  File "/Users/ichiken/VSCode/python_envs/standard/lib/python3.8/site-packages/selenium/webdriver/remote/webelement.py", line 80, in click
    self._execute(Command.CLICK_ELEMENT)
  File "/Users/ichiken/VSCode/python_envs/standard/lib/python3.8/site-packages/selenium/webdriver/remote/webelement.py", line 633, in _execute
    return self._parent.execute(command, params)
  File "/Users/ichiken/VSCode/python_envs/standard/lib/python3.8/site-packages/selenium/webdriver/remote/webdriver.py", line 321, in execute
    self.error_handler.check_response(response)
  File "/Users/ichiken/VSCode/python_envs/standard/lib/python3.8/site-packages/selenium/webdriver/remote/errorhandler.py", line 242, in check_response
    raise exception_class(message, screen, stacktrace)
selenium.common.exceptions.WebDriverException: Message: 

[2021-10-30 21:20:40,200][    INFO][__main__] Open: https://www.recreation.gov/camping/campgrounds/232447
[2021-10-30 21:21:32,225][    INFO][__main__] Open: https://www.recreation.gov/camping/campgrounds/232450
[2021-10-30 21:21:55,290][    INFO][__main__] Open: https://www.recreation.gov/camping/campgrounds/232449
[2021-10-30 21:22:18,509][    INFO][__main__] Open: https://www.recreation.gov/camping/campgrounds/232490
[2021-10-30 21:23:19,111][    INFO][__main__] Open: https://www.recreation.gov/camping/campgrounds/258825
[2021-10-30 21:23:40,826][    INFO][__main__] Open: https://www.recreation.gov/camping/campgrounds/232489
[2021-10-30 21:28:28,662][    INFO][__main__] Open: https://www.recreation.gov/camping/campgrounds/232449
[2021-10-30 21:28:51,540][    INFO][__main__] Open: https://www.recreation.gov/camping/campgrounds/232447
[2021-10-30 21:29:28,682][    INFO][__main__] Open: https://www.recreation.gov/camping/campgrounds/232490
[2021-10-30 21:30:01,424][   ERROR][__main__] Message: 
Traceback (most recent call last):
  File "/Users/ichiken/VSCode/python_envs/standard/Recreation_gov/get_site_availabitlity.py", line 156, in __click_by_xpath
    elm.click()
  File "/Users/ichiken/VSCode/python_envs/standard/lib/python3.8/site-packages/selenium/webdriver/remote/webelement.py", line 80, in click
    self._execute(Command.CLICK_ELEMENT)
  File "/Users/ichiken/VSCode/python_envs/standard/lib/python3.8/site-packages/selenium/webdriver/remote/webelement.py", line 633, in _execute
    return self._parent.execute(command, params)
  File "/Users/ichiken/VSCode/python_envs/standard/lib/python3.8/site-packages/selenium/webdriver/remote/webdriver.py", line 321, in execute
    self.error_handler.check_response(response)
  File "/Users/ichiken/VSCode/python_envs/standard/lib/python3.8/site-packages/selenium/webdriver/remote/errorhandler.py", line 242, in check_response
    raise exception_class(message, screen, stacktrace)
selenium.common.exceptions.WebDriverException: Message: 

[2021-10-30 21:30:02,466][   ERROR][__main__] Message: 
Traceback (most recent call last):
  File "/Users/ichiken/VSCode/python_envs/standard/Recreation_gov/get_site_availabitlity.py", line 156, in __click_by_xpath
    elm.click()
  File "/Users/ichiken/VSCode/python_envs/standard/lib/python3.8/site-packages/selenium/webdriver/remote/webelement.py", line 80, in click
    self._execute(Command.CLICK_ELEMENT)
  File "/Users/ichiken/VSCode/python_envs/standard/lib/python3.8/site-packages/selenium/webdriver/remote/webelement.py", line 633, in _execute
    return self._parent.execute(command, params)
  File "/Users/ichiken/VSCode/python_envs/standard/lib/python3.8/site-packages/selenium/webdriver/remote/webdriver.py", line 321, in execute
    self.error_handler.check_response(response)
  File "/Users/ichiken/VSCode/python_envs/standard/lib/python3.8/site-packages/selenium/webdriver/remote/errorhandler.py", line 242, in check_response
    raise exception_class(message, screen, stacktrace)
selenium.common.exceptions.WebDriverException: Message: 

[2021-10-30 21:30:03,502][   ERROR][__main__] Message: 
Traceback (most recent call last):
  File "/Users/ichiken/VSCode/python_envs/standard/Recreation_gov/get_site_availabitlity.py", line 156, in __click_by_xpath
    elm.click()
  File "/Users/ichiken/VSCode/python_envs/standard/lib/python3.8/site-packages/selenium/webdriver/remote/webelement.py", line 80, in click
    self._execute(Command.CLICK_ELEMENT)
  File "/Users/ichiken/VSCode/python_envs/standard/lib/python3.8/site-packages/selenium/webdriver/remote/webelement.py", line 633, in _execute
    return self._parent.execute(command, params)
  File "/Users/ichiken/VSCode/python_envs/standard/lib/python3.8/site-packages/selenium/webdriver/remote/webdriver.py", line 321, in execute
    self.error_handler.check_response(response)
  File "/Users/ichiken/VSCode/python_envs/standard/lib/python3.8/site-packages/selenium/webdriver/remote/errorhandler.py", line 242, in check_response
    raise exception_class(message, screen, stacktrace)
selenium.common.exceptions.WebDriverException: Message: 

[2021-10-30 21:30:29,222][    INFO][__main__] Open: https://www.recreation.gov/camping/campgrounds/258825
[2021-10-30 21:35:41,607][    INFO][__main__] Open: https://www.recreation.gov/camping/campgrounds/232447
[2021-10-30 21:36:09,788][    INFO][__main__] Open: https://www.recreation.gov/camping/campgrounds/258825
[2021-10-30 21:36:48,487][    INFO][__main__] Open: https://www.recreation.gov/camping/campgrounds/232447
[2021-10-30 21:37:13,592][    INFO][__main__] Open: https://www.recreation.gov/camping/campgrounds/232490
[2021-10-30 21:37:45,122][    INFO][__main__] Open: https://www.recreation.gov/camping/campgrounds/258825
[2021-10-30 21:43:16,884][    INFO][__main__] Open: https://www.recreation.gov/camping/campgrounds/232490
[2021-10-30 21:46:33,249][    INFO][__main__] Open: https://www.recreation.gov/camping/campgrounds/232490
[2021-10-30 21:48:40,370][    INFO][__main__] Open: https://www.recreation.gov/camping/campgrounds/232490
[2021-10-30 21:53:27,122][    INFO][__main__] Open: https://www.recreation.gov/camping/campgrounds/232490
[2021-10-30 22:03:35,864][    INFO][__main__] Open: https://www.recreation.gov/camping/campgrounds/232490
[2021-10-30 22:05:37,462][    INFO][__main__] Open: https://www.recreation.gov/camping/campgrounds/232447
[2021-10-30 22:06:01,919][    INFO][__main__] Open: https://www.recreation.gov/camping/campgrounds/232450
[2021-10-30 22:06:11,223][    INFO][__main__] Open: https://www.recreation.gov/camping/campgrounds/232449
[2021-10-30 22:06:20,032][    INFO][__main__] Open: https://www.recreation.gov/camping/campgrounds/232490
[2021-10-30 22:06:41,573][    INFO][__main__] Open: https://www.recreation.gov/camping/campgrounds/258825
[2021-10-30 22:06:50,019][    INFO][__main__] Open: https://www.recreation.gov/camping/campgrounds/232489
[2021-10-31 19:30:20,675][    INFO][__main__] Open: https://www.recreation.gov/camping/campgrounds/232447
[2021-10-31 19:31:02,836][    INFO][__main__] Open: https://www.recreation.gov/camping/campgrounds/232450
[2021-10-31 19:31:14,629][    INFO][__main__] Open: https://www.recreation.gov/camping/campgrounds/232449
[2021-10-31 19:31:25,523][    INFO][__main__] Open: https://www.recreation.gov/camping/campgrounds/232490
[2021-10-31 19:32:27,757][    INFO][__main__] Open: https://www.recreation.gov/camping/campgrounds/258825
[2021-10-31 19:32:38,485][    INFO][__main__] Open: https://www.recreation.gov/camping/campgrounds/232489
[2021-10-31 19:32:52,358][    INFO][__main__] {'<a href="https://www.recreation.gov/camping/campgrounds/232447" target="_blank" rel="noopener noreferrer">Yosemite Upper Pines</a>': Status      Available  Unavailable
Datetime                          
2021-10-31          0          236
2021-11-01          0          236
2021-11-02          0          236
2021-11-03          0          236
2021-11-04          2          234
2021-11-05          0          236
2021-11-06          0          236
2021-11-07          0          236
2021-11-08          0          236
2021-11-09          0          236
2021-11-10          2          234
2021-11-11          2          234
2021-11-12          1          235
2021-11-13          1          235
2021-11-14          1          235, '<a href="https://www.recreation.gov/camping/campgrounds/232450" target="_blank" rel="noopener noreferrer">Yosemite Lower Pines</a>': Status      Unavailable  Available
Datetime                          
2021-10-31           63          0
2021-11-01           63          0
2021-11-02           63          0
2021-11-03           63          0
2021-11-04           63          0
2021-11-05           63          0
2021-11-06           63          0
2021-11-07           63          0
2021-11-08           63          0
2021-11-09           63          0
2021-11-10           63          0
2021-11-11           63          0
2021-11-12           63          0
2021-11-13           63          0
2021-11-14           63          0, '<a href="https://www.recreation.gov/camping/campgrounds/232449" target="_blank" rel="noopener noreferrer">Yosemite North Pines</a>': Status      Unavailable  Available
Datetime                          
2021-10-31           57          0
2021-11-01           57          0
2021-11-02           57          0
2021-11-03           57          0
2021-11-04           57          0
2021-11-05           57          0
2021-11-06           57          0
2021-11-07           57          0
2021-11-08           57          0
2021-11-09           57          0
2021-11-10           57          0
2021-11-11           57          0
2021-11-12           57          0
2021-11-13           57          0
2021-11-14           57          0, '<a href="https://www.recreation.gov/camping/campgrounds/232490" target="_blank" rel="noopener noreferrer">Grand Canyon Mather Campground</a>': Status      Available  Unavailable
Datetime                          
2021-10-31        126          185
2021-11-01        138          173
2021-11-02        171          140
2021-11-03        187          124
2021-11-04        185          126
2021-11-05        144          167
2021-11-06        139          172
2021-11-07        190          121
2021-11-08        197          114
2021-11-09        213           98
2021-11-10        206          105
2021-11-11        153          158
2021-11-12        142          169
2021-11-13        158          153
2021-11-14        228           83, '<a href="https://www.recreation.gov/camping/campgrounds/258825" target="_blank" rel="noopener noreferrer">Grand Canyon Desert View Campground</a>': Status      Available  Unavailable
Datetime                          
2022-04-15         48            2
2022-04-16         50            0
2022-04-17         50            0
2022-04-18         48            2
2022-04-19         48            2
2022-04-20         48            2
2022-04-21         50            0
2022-04-22         50            0
2022-04-23         48            2
2022-04-24         48            2
2022-04-25         48            2
2022-04-26         47            3
2022-04-27         46            4
2022-04-28         46            4
2022-04-29         49            1, '<a href="https://www.recreation.gov/camping/campgrounds/232489" target="_blank" rel="noopener noreferrer">Grand Canyon North Rim Campground</a>': Status      Unavailable  Available
Datetime                          
2022-05-15           87          0
2022-05-16           87          0
2022-05-17           87          0
2022-05-18           87          0
2022-05-19           87          0
2022-05-20           87          0
2022-05-21           87          0
2022-05-22           87          0
2022-05-23           87          0
2022-05-24           87          0
2022-05-25           87          0
2022-05-26           87          0
2022-05-27           87          0
2022-05-28           87          0
2022-05-29           87          0}
[2021-10-31 20:20:22,443][    INFO][__main__] Open: https://www.recreation.gov/camping/campgrounds/232447
[2021-10-31 20:21:05,220][    INFO][__main__] Open: https://www.recreation.gov/camping/campgrounds/232450
[2021-10-31 20:21:17,006][    INFO][__main__] Open: https://www.recreation.gov/camping/campgrounds/232449
[2021-10-31 20:21:28,065][    INFO][__main__] Open: https://www.recreation.gov/camping/campgrounds/232490
[2021-10-31 20:22:31,876][    INFO][__main__] Open: https://www.recreation.gov/camping/campgrounds/258825
[2021-10-31 20:22:42,515][    INFO][__main__] Open: https://www.recreation.gov/camping/campgrounds/232489
[2021-10-31 20:22:56,713][    INFO][__main__] {'<a href="https://www.recreation.gov/camping/campgrounds/232447" target="_blank" rel="noopener noreferrer">Yosemite Upper Pines</a>': Status      Available  Unavailable
Datetime                          
2021-10-31          0          236
2021-11-01          0          236
2021-11-02          0          236
2021-11-03          1          235
2021-11-04          2          234
2021-11-05          0          236
2021-11-06          0          236
2021-11-07          0          236
2021-11-08          0          236
2021-11-09          0          236
2021-11-10          1          235
2021-11-11          1          235
2021-11-12          0          236
2021-11-13          0          236
2021-11-14          1          235, '<a href="https://www.recreation.gov/camping/campgrounds/232450" target="_blank" rel="noopener noreferrer">Yosemite Lower Pines</a>': Status      Unavailable  Available
Datetime                          
2021-10-31           63          0
2021-11-01           63          0
2021-11-02           63          0
2021-11-03           63          0
2021-11-04           63          0
2021-11-05           63          0
2021-11-06           63          0
2021-11-07           63          0
2021-11-08           63          0
2021-11-09           63          0
2021-11-10           63          0
2021-11-11           63          0
2021-11-12           63          0
2021-11-13           63          0
2021-11-14           63          0, '<a href="https://www.recreation.gov/camping/campgrounds/232449" target="_blank" rel="noopener noreferrer">Yosemite North Pines</a>': Status      Unavailable  Available
Datetime                          
2021-10-31           57          0
2021-11-01           57          0
2021-11-02           57          0
2021-11-03           57          0
2021-11-04           57          0
2021-11-05           57          0
2021-11-06           57          0
2021-11-07           57          0
2021-11-08           57          0
2021-11-09           57          0
2021-11-10           57          0
2021-11-11           57          0
2021-11-12           57          0
2021-11-13           57          0
2021-11-14           57          0, '<a href="https://www.recreation.gov/camping/campgrounds/232490" target="_blank" rel="noopener noreferrer">Grand Canyon Mather Campground</a>': Status      Available  Unavailable
Datetime                          
2021-10-31        126          185
2021-11-01        139          172
2021-11-02        172          139
2021-11-03        187          124
2021-11-04        185          126
2021-11-05        144          167
2021-11-06        139          172
2021-11-07        189          122
2021-11-08        196          115
2021-11-09        212           99
2021-11-10        206          105
2021-11-11        153          158
2021-11-12        142          169
2021-11-13        158          153
2021-11-14        228           83, '<a href="https://www.recreation.gov/camping/campgrounds/258825" target="_blank" rel="noopener noreferrer">Grand Canyon Desert View Campground</a>': Status      Available  Unavailable
Datetime                          
2022-04-15         48            2
2022-04-16         50            0
2022-04-17         50            0
2022-04-18         48            2
2022-04-19         48            2
2022-04-20         48            2
2022-04-21         50            0
2022-04-22         50            0
2022-04-23         48            2
2022-04-24         48            2
2022-04-25         48            2
2022-04-26         47            3
2022-04-27         46            4
2022-04-28         46            4
2022-04-29         49            1, '<a href="https://www.recreation.gov/camping/campgrounds/232489" target="_blank" rel="noopener noreferrer">Grand Canyon North Rim Campground</a>': Status      Unavailable  Available
Datetime                          
2022-05-15           87          0
2022-05-16           87          0
2022-05-17           87          0
2022-05-18           87          0
2022-05-19           87          0
2022-05-20           87          0
2022-05-21           87          0
2022-05-22           87          0
2022-05-23           87          0
2022-05-24           87          0
2022-05-25           87          0
2022-05-26           87          0
2022-05-27           87          0
2022-05-28           87          0
2022-05-29           87          0}
[2021-10-31 20:31:04,308][    INFO][__main__] Open: https://www.recreation.gov/camping/campgrounds/232447
[2021-10-31 20:31:45,923][    INFO][__main__] Open: https://www.recreation.gov/camping/campgrounds/232450
[2021-10-31 20:31:57,568][    INFO][__main__] Open: https://www.recreation.gov/camping/campgrounds/232449
[2021-10-31 20:32:08,581][    INFO][__main__] Open: https://www.recreation.gov/camping/campgrounds/232490
[2021-10-31 20:33:12,311][    INFO][__main__] Open: https://www.recreation.gov/camping/campgrounds/258825
[2021-10-31 20:33:22,725][    INFO][__main__] Open: https://www.recreation.gov/camping/campgrounds/232489
[2021-10-31 20:33:37,153][    INFO][__main__] {'<a href="https://www.recreation.gov/camping/campgrounds/232447" target="_blank" rel="noopener noreferrer">Yosemite Upper Pines</a>': Status      Available  Unavailable
Datetime                          
2021-10-31          0          236
2021-11-01          0          236
2021-11-02          0          236
2021-11-03          1          235
2021-11-04          2          234
2021-11-05          0          236
2021-11-06          0          236
2021-11-07          0          236
2021-11-08          0          236
2021-11-09          0          236
2021-11-10          2          234
2021-11-11          1          235
2021-11-12          0          236
2021-11-13          0          236
2021-11-14          1          235, '<a href="https://www.recreation.gov/camping/campgrounds/232450" target="_blank" rel="noopener noreferrer">Yosemite Lower Pines</a>': Status      Unavailable  Available
Datetime                          
2021-10-31           63          0
2021-11-01           63          0
2021-11-02           63          0
2021-11-03           63          0
2021-11-04           63          0
2021-11-05           63          0
2021-11-06           63          0
2021-11-07           63          0
2021-11-08           63          0
2021-11-09           63          0
2021-11-10           63          0
2021-11-11           63          0
2021-11-12           63          0
2021-11-13           63          0
2021-11-14           63          0, '<a href="https://www.recreation.gov/camping/campgrounds/232449" target="_blank" rel="noopener noreferrer">Yosemite North Pines</a>': Status      Unavailable  Available
Datetime                          
2021-10-31           57          0
2021-11-01           57          0
2021-11-02           57          0
2021-11-03           57          0
2021-11-04           57          0
2021-11-05           57          0
2021-11-06           57          0
2021-11-07           57          0
2021-11-08           57          0
2021-11-09           57          0
2021-11-10           57          0
2021-11-11           57          0
2021-11-12           57          0
2021-11-13           57          0
2021-11-14           57          0, '<a href="https://www.recreation.gov/camping/campgrounds/232490" target="_blank" rel="noopener noreferrer">Grand Canyon Mather Campground</a>': Status      Available  Unavailable
Datetime                          
2021-10-31        126          185
2021-11-01        139          172
2021-11-02        172          139
2021-11-03        186          125
2021-11-04        185          126
2021-11-05        144          167
2021-11-06        139          172
2021-11-07        189          122
2021-11-08        196          115
2021-11-09        212           99
2021-11-10        206          105
2021-11-11        153          158
2021-11-12        142          169
2021-11-13        158          153
2021-11-14        228           83, '<a href="https://www.recreation.gov/camping/campgrounds/258825" target="_blank" rel="noopener noreferrer">Grand Canyon Desert View Campground</a>': Status      Available  Unavailable
Datetime                          
2022-04-15         48            2
2022-04-16         50            0
2022-04-17         50            0
2022-04-18         48            2
2022-04-19         48            2
2022-04-20         48            2
2022-04-21         50            0
2022-04-22         50            0
2022-04-23         48            2
2022-04-24         48            2
2022-04-25         48            2
2022-04-26         47            3
2022-04-27         46            4
2022-04-28         46            4
2022-04-29         49            1, '<a href="https://www.recreation.gov/camping/campgrounds/232489" target="_blank" rel="noopener noreferrer">Grand Canyon North Rim Campground</a>': Status      Unavailable  Available
Datetime                          
2022-05-15           87          0
2022-05-16           87          0
2022-05-17           87          0
2022-05-18           87          0
2022-05-19           87          0
2022-05-20           87          0
2022-05-21           87          0
2022-05-22           87          0
2022-05-23           87          0
2022-05-24           87          0
2022-05-25           87          0
2022-05-26           87          0
2022-05-27           87          0
2022-05-28           87          0
2022-05-29           87          0}
[2021-10-31 20:34:40,369][    INFO][__main__] Open: https://www.recreation.gov/camping/campgrounds/232447
[2021-10-31 20:35:24,859][    INFO][__main__] Open: https://www.recreation.gov/camping/campgrounds/232450
[2021-10-31 20:35:36,591][    INFO][__main__] Open: https://www.recreation.gov/camping/campgrounds/232449
[2021-10-31 20:35:47,462][    INFO][__main__] Open: https://www.recreation.gov/camping/campgrounds/232490
[2021-10-31 20:36:52,071][    INFO][__main__] Open: https://www.recreation.gov/camping/campgrounds/258825
[2021-10-31 20:37:02,412][    INFO][__main__] Open: https://www.recreation.gov/camping/campgrounds/232489
[2021-10-31 20:37:16,725][    INFO][__main__] {'<a href="https://www.recreation.gov/camping/campgrounds/232447" target="_blank" rel="noopener noreferrer">Yosemite Upper Pines</a>': Status      Available  Unavailable
Datetime                          
2021-10-31          0          236
2021-11-01          0          236
2021-11-02          0          236
2021-11-03          0          236
2021-11-04          1          235
2021-11-05          0          236
2021-11-06          0          236
2021-11-07          0          236
2021-11-08          0          236
2021-11-09          0          236
2021-11-10          2          234
2021-11-11          1          235
2021-11-12          0          236
2021-11-13          0          236
2021-11-14          1          235, '<a href="https://www.recreation.gov/camping/campgrounds/232450" target="_blank" rel="noopener noreferrer">Yosemite Lower Pines</a>': Status      Unavailable  Available
Datetime                          
2021-10-31           63          0
2021-11-01           63          0
2021-11-02           63          0
2021-11-03           63          0
2021-11-04           63          0
2021-11-05           63          0
2021-11-06           63          0
2021-11-07           63          0
2021-11-08           63          0
2021-11-09           63          0
2021-11-10           63          0
2021-11-11           63          0
2021-11-12           63          0
2021-11-13           63          0
2021-11-14           63          0, '<a href="https://www.recreation.gov/camping/campgrounds/232449" target="_blank" rel="noopener noreferrer">Yosemite North Pines</a>': Status      Unavailable  Available
Datetime                          
2021-10-31           57          0
2021-11-01           57          0
2021-11-02           57          0
2021-11-03           57          0
2021-11-04           57          0
2021-11-05           57          0
2021-11-06           57          0
2021-11-07           57          0
2021-11-08           57          0
2021-11-09           57          0
2021-11-10           57          0
2021-11-11           57          0
2021-11-12           57          0
2021-11-13           57          0
2021-11-14           57          0, '<a href="https://www.recreation.gov/camping/campgrounds/232490" target="_blank" rel="noopener noreferrer">Grand Canyon Mather Campground</a>': Status      Available  Unavailable
Datetime                          
2021-10-31        126          185
2021-11-01        139          172
2021-11-02        172          139
2021-11-03        186          125
2021-11-04        185          126
2021-11-05        144          167
2021-11-06        139          172
2021-11-07        189          122
2021-11-08        196          115
2021-11-09        212           99
2021-11-10        206          105
2021-11-11        153          158
2021-11-12        142          169
2021-11-13        158          153
2021-11-14        228           83, '<a href="https://www.recreation.gov/camping/campgrounds/258825" target="_blank" rel="noopener noreferrer">Grand Canyon Desert View Campground</a>': Status      Available  Unavailable
Datetime                          
2022-04-15         48            2
2022-04-16         50            0
2022-04-17         50            0
2022-04-18         48            2
2022-04-19         48            2
2022-04-20         48            2
2022-04-21         50            0
2022-04-22         50            0
2022-04-23         48            2
2022-04-24         48            2
2022-04-25         48            2
2022-04-26         47            3
2022-04-27         46            4
2022-04-28         46            4
2022-04-29         49            1, '<a href="https://www.recreation.gov/camping/campgrounds/232489" target="_blank" rel="noopener noreferrer">Grand Canyon North Rim Campground</a>': Status      Unavailable  Available
Datetime                          
2022-05-15           87          0
2022-05-16           87          0
2022-05-17           87          0
2022-05-18           87          0
2022-05-19           87          0
2022-05-20           87          0
2022-05-21           87          0
2022-05-22           87          0
2022-05-23           87          0
2022-05-24           87          0
2022-05-25           87          0
2022-05-26           87          0
2022-05-27           87          0
2022-05-28           87          0
2022-05-29           87          0}
[2021-11-02 20:23:26,556][    INFO][__main__] Open: https://www.recreation.gov/camping/campgrounds/232447
[2021-11-02 20:24:24,012][    INFO][__main__] Open: https://www.recreation.gov/camping/campgrounds/232450
[2021-11-02 20:24:40,370][    INFO][__main__] Open: https://www.recreation.gov/camping/campgrounds/232449
[2021-11-02 20:24:55,829][    INFO][__main__] Open: https://www.recreation.gov/camping/campgrounds/232490
[2021-11-02 20:26:13,344][    INFO][__main__] Open: https://www.recreation.gov/camping/campgrounds/258825
[2021-11-02 20:26:27,390][    INFO][__main__] Open: https://www.recreation.gov/camping/campgrounds/232489
[2021-11-02 20:26:47,793][    INFO][__main__] {'<a href="https://www.recreation.gov/camping/campgrounds/232447" target="_blank" rel="noopener noreferrer">Yosemite Upper Pines</a>': Status      Available  Unavailable
Datetime                          
2021-11-02          0          236
2021-11-03          0          236
2021-11-04          2          234
2021-11-05          0          236
2021-11-06          0          236
2021-11-07          1          235
2021-11-08          4          232
2021-11-09          3          233
2021-11-10          5          231
2021-11-11          0          236
2021-11-12          0          236
2021-11-13          0          236
2021-11-14          3          233
2021-11-15          0          236
2021-11-16          0          236, '<a href="https://www.recreation.gov/camping/campgrounds/232450" target="_blank" rel="noopener noreferrer">Yosemite Lower Pines</a>': Status      Unavailable  Available
Datetime                          
2021-11-02           63          0
2021-11-03           63          0
2021-11-04           63          0
2021-11-05           63          0
2021-11-06           63          0
2021-11-07           63          0
2021-11-08           63          0
2021-11-09           63          0
2021-11-10           63          0
2021-11-11           63          0
2021-11-12           63          0
2021-11-13           63          0
2021-11-14           63          0
2021-11-15           63          0
2021-11-16           63          0, '<a href="https://www.recreation.gov/camping/campgrounds/232449" target="_blank" rel="noopener noreferrer">Yosemite North Pines</a>': Status      Unavailable  Available
Datetime                          
2021-11-02           57          0
2021-11-03           57          0
2021-11-04           57          0
2021-11-05           57          0
2021-11-06           57          0
2021-11-07           57          0
2021-11-08           57          0
2021-11-09           57          0
2021-11-10           57          0
2021-11-11           57          0
2021-11-12           57          0
2021-11-13           57          0
2021-11-14           57          0
2021-11-15           57          0
2021-11-16           57          0, '<a href="https://www.recreation.gov/camping/campgrounds/232490" target="_blank" rel="noopener noreferrer">Grand Canyon Mather Campground</a>': Status      Available  Unavailable
Datetime                          
2021-11-02        114          197
2021-11-03        160          151
2021-11-04        166          145
2021-11-05        125          186
2021-11-06        119          192
2021-11-07        174          137
2021-11-08        182          129
2021-11-09        207          104
2021-11-10        201          110
2021-11-11        145          166
2021-11-12        135          176
2021-11-13        155          156
2021-11-14        225           86
2021-11-15        249           62
2021-11-16        243           68, '<a href="https://www.recreation.gov/camping/campgrounds/258825" target="_blank" rel="noopener noreferrer">Grand Canyon Desert View Campground</a>': Status      Available  Unavailable
Datetime                          
2022-04-15         47            3
2022-04-16         49            1
2022-04-17         49            1
2022-04-18         47            3
2022-04-19         47            3
2022-04-20         48            2
2022-04-21         49            1
2022-04-22         49            1
2022-04-23         48            2
2022-04-24         48            2
2022-04-25         48            2
2022-04-26         47            3
2022-04-27         46            4
2022-04-28         46            4
2022-04-29         48            2, '<a href="https://www.recreation.gov/camping/campgrounds/232489" target="_blank" rel="noopener noreferrer">Grand Canyon North Rim Campground</a>': Status      Unavailable  Available
Datetime                          
2022-05-15           87          0
2022-05-16           87          0
2022-05-17           87          0
2022-05-18           87          0
2022-05-19           87          0
2022-05-20           87          0
2022-05-21           87          0
2022-05-22           87          0
2022-05-23           87          0
2022-05-24           87          0
2022-05-25           87          0
2022-05-26           87          0
2022-05-27           87          0
2022-05-28           87          0
2022-05-29           87          0}
[2021-11-02 20:51:18,098][    INFO][__main__] Open: https://www.recreation.gov/camping/campgrounds/232447
[2021-11-02 20:52:14,119][    INFO][__main__] Open: https://www.recreation.gov/camping/campgrounds/232450
[2021-11-02 20:52:30,936][    INFO][__main__] Open: https://www.recreation.gov/camping/campgrounds/232449
[2021-11-02 20:52:45,522][    INFO][__main__] {'<a href="https://www.recreation.gov/camping/campgrounds/232447" target="_blank" rel="noopener noreferrer">Yosemite Upper Pines</a>': Status      Available  Unavailable
Datetime                          
2021-11-02          0          236
2021-11-03          0          236
2021-11-04          3          233
2021-11-05          0          236
2021-11-06          0          236
2021-11-07          1          235
2021-11-08          4          232
2021-11-09          3          233
2021-11-10          5          231
2021-11-11          0          236
2021-11-12          0          236
2021-11-13          0          236
2021-11-14          3          233
2021-11-15          0          236
2021-11-16          0          236, '<a href="https://www.recreation.gov/camping/campgrounds/232450" target="_blank" rel="noopener noreferrer">Yosemite Lower Pines</a>': Status      Unavailable  Available
Datetime                          
2021-11-02           63          0
2021-11-03           63          0
2021-11-04           63          0
2021-11-05           63          0
2021-11-06           63          0
2021-11-07           63          0
2021-11-08           63          0
2021-11-09           63          0
2021-11-10           63          0
2021-11-11           63          0
2021-11-12           63          0
2021-11-13           63          0
2021-11-14           63          0
2021-11-15           63          0
2021-11-16           63          0, '<a href="https://www.recreation.gov/camping/campgrounds/232449" target="_blank" rel="noopener noreferrer">Yosemite North Pines</a>': Status      Unavailable  Available
Datetime                          
2021-11-02           57          0
2021-11-03           57          0
2021-11-04           57          0
2021-11-05           57          0
2021-11-06           57          0
2021-11-07           57          0
2021-11-08           57          0
2021-11-09           57          0
2021-11-10           57          0
2021-11-11           57          0
2021-11-12           57          0
2021-11-13           57          0
2021-11-14           57          0
2021-11-15           57          0
2021-11-16           57          0}
[2021-11-02 21:22:12,806][    INFO][__main__] Open: https://www.recreation.gov/camping/campgrounds/232447
[2021-11-02 21:23:06,755][    INFO][__main__] Open: https://www.recreation.gov/camping/campgrounds/232450
[2021-11-02 21:23:22,777][    INFO][__main__] Open: https://www.recreation.gov/camping/campgrounds/232449
[2021-11-02 21:23:37,027][    INFO][__main__] {'<a href="https://www.recreation.gov/camping/campgrounds/232447" target="_blank" rel="noopener noreferrer">Yosemite Upper Pines</a>': Status      Available  Unavailable
Datetime                          
2021-11-02          0          236
2021-11-03          0          236
2021-11-04          2          234
2021-11-05          0          236
2021-11-06          0          236
2021-11-07          1          235
2021-11-08          4          232
2021-11-09          4          232
2021-11-10          6          230
2021-11-11          0          236
2021-11-12          0          236
2021-11-13          0          236
2021-11-14          3          233
2021-11-15          0          236
2021-11-16          0          236, '<a href="https://www.recreation.gov/camping/campgrounds/232450" target="_blank" rel="noopener noreferrer">Yosemite Lower Pines</a>': Status      Unavailable  Available
Datetime                          
2021-11-02           63          0
2021-11-03           63          0
2021-11-04           63          0
2021-11-05           63          0
2021-11-06           63          0
2021-11-07           63          0
2021-11-08           63          0
2021-11-09           63          0
2021-11-10           63          0
2021-11-11           63          0
2021-11-12           63          0
2021-11-13           63          0
2021-11-14           63          0
2021-11-15           63          0
2021-11-16           63          0, '<a href="https://www.recreation.gov/camping/campgrounds/232449" target="_blank" rel="noopener noreferrer">Yosemite North Pines</a>': Status      Unavailable  Available
Datetime                          
2021-11-02           57          0
2021-11-03           57          0
2021-11-04           57          0
2021-11-05           57          0
2021-11-06           57          0
2021-11-07           57          0
2021-11-08           57          0
2021-11-09           57          0
2021-11-10           57          0
2021-11-11           57          0
2021-11-12           57          0
2021-11-13           57          0
2021-11-14           57          0
2021-11-15           57          0
2021-11-16           57          0}
[2021-11-05 23:00:37,983][    INFO][__main__] Open: https://www.recreation.gov/camping/campgrounds/232447
[2021-11-05 23:01:25,383][    INFO][__main__] Open: https://www.recreation.gov/camping/campgrounds/232447
[2021-11-05 23:13:18,234][    INFO][__main__] Open: https://www.recreation.gov/camping/campgrounds/232450
[2021-11-05 23:15:44,333][    INFO][__main__] Open: https://www.recreation.gov/camping/campgrounds/232449
[2021-11-05 23:17:55,828][    INFO][__main__] {'<a href="https://www.recreation.gov/camping/campgrounds/232447" target="_blank" rel="noopener noreferrer">Yosemite Upper Pines</a>': Status      Available  Unavailable
Datetime                          
2021-11-05          0          236
2021-11-06          0          236
2021-11-07          6          230
2021-11-08         11          225
2021-11-09          6          230
2021-11-10          0          236
2021-11-11          0          236
2021-11-12          0          236
2021-11-13          0          236
2021-11-14          0          236
2021-11-15          1          235
2021-11-16          2          234
2021-11-17          0          236
2021-11-18          0          236
2021-11-19          0          236, '<a href="https://www.recreation.gov/camping/campgrounds/232450" target="_blank" rel="noopener noreferrer">Yosemite Lower Pines</a>': Status      Unavailable  Available
Datetime                          
2021-11-05           63          0
2021-11-06           63          0
2021-11-07           63          0
2021-11-08           63          0
2021-11-09           63          0
2021-11-10           63          0
2021-11-11           63          0
2021-11-12           63          0
2021-11-13           63          0
2021-11-14           63          0
2021-11-15           63          0
2021-11-16           63          0
2021-11-17           63          0
2021-11-18           63          0
2021-11-19           63          0, '<a href="https://www.recreation.gov/camping/campgrounds/232449" target="_blank" rel="noopener noreferrer">Yosemite North Pines</a>': Status      Unavailable  Available
Datetime                          
2021-11-05           57          0
2021-11-06           57          0
2021-11-07           57          0
2021-11-08           57          0
2021-11-09           57          0
2021-11-10           57          0
2021-11-11           57          0
2021-11-12           57          0
2021-11-13           57          0
2021-11-14           57          0
2021-11-15           57          0
2021-11-16           57          0
2021-11-17           57          0
2021-11-18           57          0
2021-11-19           57          0}
[2021-11-06 10:08:12,920][    INFO][__main__] Open: https://www.recreation.gov/camping/campgrounds/232447
[2021-11-06 10:08:58,320][    INFO][__main__] Open: https://www.recreation.gov/camping/campgrounds/232447
[2021-11-06 10:29:37,273][    INFO][__main__] Open: https://www.recreation.gov/camping/campgrounds/232450
[2021-11-06 10:34:08,976][    INFO][__main__] Open: https://www.recreation.gov/camping/campgrounds/232449
[2021-11-06 10:38:20,921][    INFO][__main__] {'<a href="https://www.recreation.gov/camping/campgrounds/232447" target="_blank" rel="noopener noreferrer">Yosemite Upper Pines</a>': Status      Available  Unavailable
Datetime                          
2021-11-06          0          236
2021-11-07          4          232
2021-11-08         12          224
2021-11-09          4          232
2021-11-10          0          236
2021-11-11          0          236
2021-11-12          0          236
2021-11-13          0          236
2021-11-14          1          235
2021-11-15          0          236
2021-11-16          0          236
2021-11-17          1          235
2021-11-18          1          235
2021-11-19          0          236
2021-11-20          0          236
2021-11-21          0          236
2021-11-22          0          236
2021-11-23          0          236
2021-11-24          0          236
2021-11-25          0          236
2021-11-26          0          236
2021-11-27          0          236
2021-11-28          0          236
2021-11-29          0          236
2021-11-30          1          235
2021-12-01          0          236
2021-12-02          3          233
2021-12-03          0          236
2021-12-04          0          236
2021-12-05         10          226, '<a href="https://www.recreation.gov/camping/campgrounds/232450" target="_blank" rel="noopener noreferrer">Yosemite Lower Pines</a>': Status      Unavailable  Available
Datetime                          
2021-11-06           63          0
2021-11-07           63          0
2021-11-08           63          0
2021-11-09           63          0
2021-11-10           63          0
2021-11-11           63          0
2021-11-12           63          0
2021-11-13           63          0
2021-11-14           63          0
2021-11-15           63          0
2021-11-16           63          0
2021-11-17           63          0
2021-11-18           63          0
2021-11-19           63          0
2021-11-20           63          0
2021-11-21           63          0
2021-11-22           63          0
2021-11-23           63          0
2021-11-24           63          0
2021-11-25           63          0
2021-11-26           63          0
2021-11-27           63          0
2021-11-28           63          0
2021-11-29           63          0
2021-11-30           63          0
2021-12-01           63          0
2021-12-02           63          0
2021-12-03           63          0
2021-12-04           63          0
2021-12-05           63          0, '<a href="https://www.recreation.gov/camping/campgrounds/232449" target="_blank" rel="noopener noreferrer">Yosemite North Pines</a>': Status      Unavailable  Available
Datetime                          
2021-11-06           57          0
2021-11-07           57          0
2021-11-08           57          0
2021-11-09           57          0
2021-11-10           57          0
2021-11-11           57          0
2021-11-12           57          0
2021-11-13           57          0
2021-11-14           57          0
2021-11-15           57          0
2021-11-16           57          0
2021-11-17           57          0
2021-11-18           57          0
2021-11-19           57          0
2021-11-20           57          0
2021-11-21           57          0
2021-11-22           57          0
2021-11-23           57          0
2021-11-24           57          0
2021-11-25           57          0
2021-11-26           57          0
2021-11-27           57          0
2021-11-28           57          0
2021-11-29           57          0
2021-11-30           57          0
2021-12-01           57          0
2021-12-02           57          0
2021-12-03           57          0
2021-12-04           57          0
2021-12-05           57          0}
[2021-11-06 10:41:31,517][    INFO][__main__] Open: https://www.recreation.gov/camping/campgrounds/232447
[2021-11-06 10:51:39,230][    INFO][__main__] Open: https://www.recreation.gov/camping/campgrounds/232450
[2021-11-06 10:53:48,801][    INFO][__main__] Open: https://www.recreation.gov/camping/campgrounds/232449
[2021-11-06 10:55:46,307][    INFO][__main__] {'<a href="https://www.recreation.gov/camping/campgrounds/232447" target="_blank" rel="noopener noreferrer">Yosemite Upper Pines</a>': Status      Available  Unavailable
Datetime                          
2021-11-06          0          236
2021-11-07          5          231
2021-11-08         15          221
2021-11-09          7          229
2021-11-10          0          236
2021-11-11          0          236
2021-11-12          0          236
2021-11-13          0          236
2021-11-14          1          235
2021-11-15          0          236
2021-11-16          0          236
2021-11-17          1          235
2021-11-18          1          235
2021-11-19          0          236
2021-11-20          0          236, '<a href="https://www.recreation.gov/camping/campgrounds/232450" target="_blank" rel="noopener noreferrer">Yosemite Lower Pines</a>': Status      Unavailable  Available
Datetime                          
2021-11-06           63          0
2021-11-07           63          0
2021-11-08           63          0
2021-11-09           63          0
2021-11-10           63          0
2021-11-11           63          0
2021-11-12           63          0
2021-11-13           63          0
2021-11-14           63          0
2021-11-15           63          0
2021-11-16           63          0
2021-11-17           63          0
2021-11-18           63          0
2021-11-19           63          0
2021-11-20           63          0, '<a href="https://www.recreation.gov/camping/campgrounds/232449" target="_blank" rel="noopener noreferrer">Yosemite North Pines</a>': Status      Unavailable  Available
Datetime                          
2021-11-06           57          0
2021-11-07           57          0
2021-11-08           57          0
2021-11-09           57          0
2021-11-10           57          0
2021-11-11           57          0
2021-11-12           57          0
2021-11-13           57          0
2021-11-14           57          0
2021-11-15           57          0
2021-11-16           57          0
2021-11-17           57          0
2021-11-18           57          0
2021-11-19           57          0
2021-11-20           57          0}
[2021-11-06 16:04:04,805][    INFO][__main__] Open: https://www.recreation.gov/camping/campgrounds/232447
[2021-11-06 16:24:12,971][    INFO][__main__] Open: https://www.recreation.gov/camping/campgrounds/232450
[2021-11-06 16:28:31,516][    INFO][__main__] Open: https://www.recreation.gov/camping/campgrounds/232449
[2021-11-06 16:32:14,152][    INFO][__main__] {'<a href="https://www.recreation.gov/camping/campgrounds/232447" target="_blank" rel="noopener noreferrer">Yosemite Upper Pines</a>': Status      Available  Unavailable
Datetime                          
2021-11-06          0          236
2021-11-07          3          233
2021-11-08         13          223
2021-11-09          8          228
2021-11-10          0          236
2021-11-11          0          236
2021-11-12          0          236
2021-11-13          0          236
2021-11-14          2          234
2021-11-15          0          236
2021-11-16          0          236
2021-11-17          0          236
2021-11-18          0          236
2021-11-19          0          236
2021-11-20          0          236
2021-11-21          0          236
2021-11-22          0          236
2021-11-23          0          236
2021-11-24          0          236
2021-11-25          0          236
2021-11-26          0          236
2021-11-27          0          236
2021-11-28          0          236
2021-11-29          0          236
2021-11-30          1          235
2021-12-01          0          236
2021-12-02          2          234
2021-12-03          0          236
2021-12-04          0          236
2021-12-05         10          226, '<a href="https://www.recreation.gov/camping/campgrounds/232450" target="_blank" rel="noopener noreferrer">Yosemite Lower Pines</a>': Status      Unavailable  Available
Datetime                          
2021-11-06           63          0
2021-11-07           63          0
2021-11-08           63          0
2021-11-09           63          0
2021-11-10           63          0
2021-11-11           63          0
2021-11-12           63          0
2021-11-13           63          0
2021-11-14           63          0
2021-11-15           63          0
2021-11-16           63          0
2021-11-17           63          0
2021-11-18           63          0
2021-11-19           63          0
2021-11-20           63          0
2021-11-21           63          0
2021-11-22           63          0
2021-11-23           63          0
2021-11-24           63          0
2021-11-25           63          0
2021-11-26           63          0
2021-11-27           63          0
2021-11-28           63          0
2021-11-29           63          0
2021-11-30           63          0
2021-12-01           63          0
2021-12-02           63          0
2021-12-03           63          0
2021-12-04           63          0
2021-12-05           63          0, '<a href="https://www.recreation.gov/camping/campgrounds/232449" target="_blank" rel="noopener noreferrer">Yosemite North Pines</a>': Status      Unavailable  Available
Datetime                          
2021-11-06           57          0
2021-11-07           57          0
2021-11-08           57          0
2021-11-09           57          0
2021-11-10           57          0
2021-11-11           57          0
2021-11-12           57          0
2021-11-13           57          0
2021-11-14           57          0
2021-11-15           57          0
2021-11-16           57          0
2021-11-17           57          0
2021-11-18           57          0
2021-11-19           57          0
2021-11-20           57          0
2021-11-21           57          0
2021-11-22           57          0
2021-11-23           57          0
2021-11-24           57          0
2021-11-25           57          0
2021-11-26           57          0
2021-11-27           57          0
2021-11-28           57          0
2021-11-29           57          0
2021-11-30           57          0
2021-12-01           57          0
2021-12-02           57          0
2021-12-03           57          0
2021-12-04           57          0
2021-12-05           57          0}
